<?xml version="1.0" encoding="UTF-8" ?>
<testsuite tests="6" failures="0" name="sf.ibu.eric.common.UtilTest" time="0.334" errors="0" skipped="0">
  <properties>
[...]
</properties>
  <testcase classname="sf.ibu.eric.common.UtilTest" name="test_decodeEncode" time="0.316"/>
  <testcase classname="sf.ibu.eric.common.UtilTest" name="test_str2DateTime" time="0.011"/>
  <testcase classname="sf.ibu.eric.common.UtilTest" name="test_FixedMovingQueue" time="0"/>
  <testcase classname="sf.ibu.eric.common.UtilTest" name="test_UTC" time="0.001"/>
  <testcase classname="sf.ibu.eric.common.UtilTest" name="test_file2String" time="0"/>
  <testcase classname="sf.ibu.eric.common.UtilTest" name="test_UTCDate" time="0.006"/>
</testsuite>